#Build: Fabric Compiler 2022.1, Build 99559, Jul 12 00:20 2022
#Install: C:\pango\PDS_2022.1\bin
#Application name: pds_shell.exe
#OS: Windows 10 10.0.22621
#Hostname: wenqing笔记本
Generated by Fabric Compiler (version 2022.1 build 99559) at Thu Jan  4 23:15:43 2024
Compiling verification operator library.
Compiling common defs.
Compiling prim grid devices.
Compiling gate devices.
Compiling gate operators.
Building architecture model.
Loading device packaging model.
Reading design from DB.
Start Generating Programming File...
Reading design from DB takes 0.218750 sec.
Generating architecture configuration.
The bitstream file is "C:/Users/86132/Desktop/Template_Final_Terris/generate_bitstream/Top.sbit"
Generate programming file takes 3.453125 sec.
Generating Programming File done.
Action gen_bit_stream: Real time elapsed is 0h:0m:13s
Action gen_bit_stream: CPU time elapsed is 0h:0m:4s
Action gen_bit_stream: Process CPU time elapsed is 0h:0m:4s
Current time: Thu Jan  4 23:15:54 2024
Action gen_bit_stream: Peak memory pool usage is 671 MB
