#Build: Fabric Compiler 2022.1, Build 99559, Jul 12 00:20 2022
#Install: C:\pango\PDS_2022.1\bin
#Application name: pds_shell.exe
#OS: Windows 10 10.0.22621
#Hostname: wenqing笔记本
Generated by Fabric Compiler (version 2022.1 build 99559) at Thu Jan  4 23:15:35 2024
Compiling verification operator library.
Compiling common defs.
Compiling prim grid devices.
Compiling gate devices.
Compiling gate operators.
Building architecture model.
Loading device packaging model.
Reading design from pnr DB.
Start Report Post-PnR timing.
Constructing timing graph ...
Timing graph has been constructed successfully
W: STA-3011: Clock pin 'u_wrapper/u_block_ctrl/cur_blk_data_r_cp/opit_0/G' (gopLATCH.G) has no clock, timing propagation is disabled at the pin.
W: STA-3011: Clock pin 'u_wrapper/u_block_ctrl/cur_blk_data_r_cp_1/opit_0/G' (gopLATCH.G) has no clock, timing propagation is disabled at the pin.
W: STA-3011: Clock pin 'u_wrapper/u_block_ctrl/cur_blk_data_r_cp_2/opit_0/G' (gopLATCH.G) has no clock, timing propagation is disabled at the pin.
W: STA-3011: Clock pin 'u_wrapper/u_block_ctrl/cur_blk_data_r_cp_3/opit_0/G' (gopLATCH.G) has no clock, timing propagation is disabled at the pin.
W: STA-3011: Clock pin 'u_wrapper/u_block_ctrl/cur_blk_data_r_cp_4/opit_0/G' (gopLATCH.G) has no clock, timing propagation is disabled at the pin.
W: STA-3011: Clock pin 'u_wrapper/u_block_ctrl/cur_blk_data_r_cp_5/opit_0/G' (gopLATCH.G) has no clock, timing propagation is disabled at the pin.
W: STA-3011: Clock pin 'u_wrapper/u_block_ctrl/cur_blk_data_r_cp_6/opit_0/G' (gopLATCH.G) has no clock, timing propagation is disabled at the pin.
W: STA-3011: Clock pin 'u_wrapper/u_block_ctrl/cur_blk_data_r_cp_7/opit_0/G' (gopLATCH.G) has no clock, timing propagation is disabled at the pin.
W: STA-3011: Clock pin 'u_wrapper/u_block_ctrl/cur_blk_data_r_cp_8/opit_0/G' (gopLATCH.G) has no clock, timing propagation is disabled at the pin.
W: Timing-4086: Port 'iic_tx_sda' is not constrained, it is treated as combinational input.
W: Timing-4087: Port 'iic_tx_sda' is not constrained, it is treated as combinational output.
W: Timing-4087: Port 'b_out[0]' is not constrained, it is treated as combinational output.
W: Timing-4087: Port 'b_out[1]' is not constrained, it is treated as combinational output.
W: Timing-4087: Port 'b_out[2]' is not constrained, it is treated as combinational output.
W: Timing-4087: Port 'b_out[3]' is not constrained, it is treated as combinational output.
W: Timing-4087: Port 'b_out[4]' is not constrained, it is treated as combinational output.
W: Timing-4087: Port 'b_out[5]' is not constrained, it is treated as combinational output.
W: Timing-4087: Port 'b_out[6]' is not constrained, it is treated as combinational output.
W: Timing-4087: Port 'b_out[7]' is not constrained, it is treated as combinational output.
W: Timing-4087: Port 'de_out' is not constrained, it is treated as combinational output.
W: Timing-4087: Port 'g_out[0]' is not constrained, it is treated as combinational output.
W: Timing-4087: Port 'g_out[1]' is not constrained, it is treated as combinational output.
W: Timing-4087: Port 'g_out[2]' is not constrained, it is treated as combinational output.
W: Timing-4087: Port 'g_out[3]' is not constrained, it is treated as combinational output.
W: Timing-4087: Port 'g_out[4]' is not constrained, it is treated as combinational output.
W: Timing-4087: Port 'g_out[5]' is not constrained, it is treated as combinational output.
W: Timing-4087: Port 'g_out[6]' is not constrained, it is treated as combinational output.
W: Timing-4087: Port 'g_out[7]' is not constrained, it is treated as combinational output.
W: Timing-4087: Port 'hs_out' is not constrained, it is treated as combinational output.
W: Timing-4087: Port 'iic_tx_scl' is not constrained, it is treated as combinational output.
W: Timing-4087: Port 'led[0]' is not constrained, it is treated as combinational output.
W: Timing-4087: Port 'led[1]' is not constrained, it is treated as combinational output.
W: Timing-4087: Port 'led[2]' is not constrained, it is treated as combinational output.
W: Timing-4087: Port 'led[3]' is not constrained, it is treated as combinational output.
W: Timing-4087: Port 'led[4]' is not constrained, it is treated as combinational output.
W: Timing-4087: Port 'led[5]' is not constrained, it is treated as combinational output.
W: Timing-4087: Port 'led[6]' is not constrained, it is treated as combinational output.
W: Timing-4087: Port 'led[7]' is not constrained, it is treated as combinational output.
W: Timing-4087: Port 'pix_clk' is not constrained, it is treated as combinational output.
W: Timing-4087: Port 'r_out[0]' is not constrained, it is treated as combinational output.
W: Timing-4087: Port 'r_out[1]' is not constrained, it is treated as combinational output.
W: Timing-4087: Port 'r_out[2]' is not constrained, it is treated as combinational output.
W: Timing-4087: Port 'r_out[3]' is not constrained, it is treated as combinational output.
W: Timing-4087: Port 'r_out[4]' is not constrained, it is treated as combinational output.
W: Timing-4087: Port 'r_out[5]' is not constrained, it is treated as combinational output.
W: Timing-4087: Port 'r_out[6]' is not constrained, it is treated as combinational output.
W: Timing-4087: Port 'r_out[7]' is not constrained, it is treated as combinational output.
W: Timing-4087: Port 'rstn_out' is not constrained, it is treated as combinational output.
W: Timing-4087: Port 'seg_data[0]' is not constrained, it is treated as combinational output.
W: Timing-4087: Port 'seg_data[1]' is not constrained, it is treated as combinational output.
W: Timing-4087: Port 'seg_data[2]' is not constrained, it is treated as combinational output.
W: Timing-4087: Port 'seg_data[3]' is not constrained, it is treated as combinational output.
W: Timing-4087: Port 'seg_data[4]' is not constrained, it is treated as combinational output.
W: Timing-4087: Port 'seg_data[5]' is not constrained, it is treated as combinational output.
W: Timing-4087: Port 'seg_data[6]' is not constrained, it is treated as combinational output.
W: Timing-4087: Port 'seg_data[7]' is not constrained, it is treated as combinational output.
W: Timing-4087: Port 'seg_sel[0]' is not constrained, it is treated as combinational output.
W: Timing-4087: Port 'seg_sel[1]' is not constrained, it is treated as combinational output.
W: Timing-4087: Port 'seg_sel[2]' is not constrained, it is treated as combinational output.
W: Timing-4087: Port 'seg_sel[3]' is not constrained, it is treated as combinational output.
W: Timing-4087: Port 'seg_sel[4]' is not constrained, it is treated as combinational output.
W: Timing-4087: Port 'seg_sel[5]' is not constrained, it is treated as combinational output.
W: Timing-4087: Port 'uart_tx' is not constrained, it is treated as combinational output.
W: Timing-4087: Port 'vs_out' is not constrained, it is treated as combinational output.
W: Timing-4086: Port 'keys[0]' is not constrained, it is treated as combinational input.
W: Timing-4086: Port 'keys[1]' is not constrained, it is treated as combinational input.
W: Timing-4086: Port 'keys[2]' is not constrained, it is treated as combinational input.
W: Timing-4086: Port 'keys[3]' is not constrained, it is treated as combinational input.
W: Timing-4086: Port 'keys[4]' is not constrained, it is treated as combinational input.
W: Timing-4086: Port 'keys[5]' is not constrained, it is treated as combinational input.
W: Timing-4086: Port 'keys[6]' is not constrained, it is treated as combinational input.
W: Timing-4086: Port 'keys[7]' is not constrained, it is treated as combinational input.
C: STA-3002: Can not calculate least common multiplier between clock clk(period: 20000 ps) and clk|u_pll/u_pll_e3/CLKOUT0_Inferred(period: 6736 ps), its may be asynchronous clocks.
C: STA-3002: Can not calculate least common multiplier between clock clk|u_pll/u_pll_e3/CLKOUT1_Inferred(period: 100210 ps) and clk|u_pll/u_pll_e3/CLKOUT0_Inferred(period: 6736 ps), its may be asynchronous clocks.
Report timing is finished successfully.
Action report_timing: Real time elapsed is 0h:0m:9s
Action report_timing: CPU time elapsed is 0h:0m:1s
Action report_timing: Process CPU time elapsed is 0h:0m:1s
Current time: Thu Jan  4 23:15:42 2024
Action report_timing: Peak memory pool usage is 773 MB
