#Build: Fabric Compiler 2022.1, Build 99559, Jul 12 00:20 2022
#Install: C:\pango\PDS_2022.1\bin
#Application name: pds_shell.exe
#OS: Windows 10 10.0.22621
#Hostname: wenqing笔记本
Generated by Fabric Compiler (version 2022.1 build 99559) at Thu Jan  4 23:14:29 2024
Compiling verification operator library.
Compiling common defs.
Compiling prim grid devices.
Compiling gate devices.
Compiling gate operators.
Building architecture model.
Loading device packaging model.
Building architecture floorplan logic view.
Constraint check start.
Executing : def_port {iic_tx_sda} LOC=P18 VCCIO=3.3 IOSTANDARD=LVCMOS33 DRIVE=8 SLEW=FAST NONE=TRUE
Executing : def_port {iic_tx_sda} LOC=P18 VCCIO=3.3 IOSTANDARD=LVCMOS33 DRIVE=8 SLEW=FAST NONE=TRUE successfully
Executing : def_port {b_out[0]} LOC=V21 VCCIO=3.3 IOSTANDARD=LVCMOS33 DRIVE=8 SLEW=FAST NONE=TRUE
Executing : def_port {b_out[0]} LOC=V21 VCCIO=3.3 IOSTANDARD=LVCMOS33 DRIVE=8 SLEW=FAST NONE=TRUE successfully
Executing : def_port {b_out[1]} LOC=V22 VCCIO=3.3 IOSTANDARD=LVCMOS33 DRIVE=8 SLEW=FAST NONE=TRUE
Executing : def_port {b_out[1]} LOC=V22 VCCIO=3.3 IOSTANDARD=LVCMOS33 DRIVE=8 SLEW=FAST NONE=TRUE successfully
Executing : def_port {b_out[2]} LOC=T21 VCCIO=3.3 IOSTANDARD=LVCMOS33 DRIVE=8 SLEW=FAST NONE=TRUE
C: ConstraintEditor-2002: [C:/Users/86132/Desktop/Template_Final_Terris/device_map/Top.pcf(line number: 6)] | Port b_out[2] has been placed at location T21, whose type is share pin.
Executing : def_port {b_out[2]} LOC=T21 VCCIO=3.3 IOSTANDARD=LVCMOS33 DRIVE=8 SLEW=FAST NONE=TRUE successfully
Executing : def_port {b_out[3]} LOC=T22 VCCIO=3.3 IOSTANDARD=LVCMOS33 DRIVE=8 SLEW=FAST NONE=TRUE
Executing : def_port {b_out[3]} LOC=T22 VCCIO=3.3 IOSTANDARD=LVCMOS33 DRIVE=8 SLEW=FAST NONE=TRUE successfully
Executing : def_port {b_out[4]} LOC=R20 VCCIO=3.3 IOSTANDARD=LVCMOS33 DRIVE=8 SLEW=FAST NONE=TRUE
C: ConstraintEditor-2002: [C:/Users/86132/Desktop/Template_Final_Terris/device_map/Top.pcf(line number: 8)] | Port b_out[4] has been placed at location R20, whose type is share pin.
Executing : def_port {b_out[4]} LOC=R20 VCCIO=3.3 IOSTANDARD=LVCMOS33 DRIVE=8 SLEW=FAST NONE=TRUE successfully
Executing : def_port {b_out[5]} LOC=R22 VCCIO=3.3 IOSTANDARD=LVCMOS33 DRIVE=8 SLEW=FAST NONE=TRUE
C: ConstraintEditor-2002: [C:/Users/86132/Desktop/Template_Final_Terris/device_map/Top.pcf(line number: 9)] | Port b_out[5] has been placed at location R22, whose type is share pin.
Executing : def_port {b_out[5]} LOC=R22 VCCIO=3.3 IOSTANDARD=LVCMOS33 DRIVE=8 SLEW=FAST NONE=TRUE successfully
Executing : def_port {b_out[6]} LOC=R19 VCCIO=3.3 IOSTANDARD=LVCMOS33 DRIVE=8 SLEW=FAST NONE=TRUE
Executing : def_port {b_out[6]} LOC=R19 VCCIO=3.3 IOSTANDARD=LVCMOS33 DRIVE=8 SLEW=FAST NONE=TRUE successfully
Executing : def_port {b_out[7]} LOC=P19 VCCIO=3.3 IOSTANDARD=LVCMOS33 DRIVE=8 SLEW=FAST NONE=TRUE
Executing : def_port {b_out[7]} LOC=P19 VCCIO=3.3 IOSTANDARD=LVCMOS33 DRIVE=8 SLEW=FAST NONE=TRUE successfully
Executing : def_port {de_out} LOC=Y22 VCCIO=3.3 IOSTANDARD=LVCMOS33 DRIVE=8 SLEW=FAST NONE=TRUE
Executing : def_port {de_out} LOC=Y22 VCCIO=3.3 IOSTANDARD=LVCMOS33 DRIVE=8 SLEW=FAST NONE=TRUE successfully
Executing : def_port {g_out[0]} LOC=M21 VCCIO=3.3 IOSTANDARD=LVCMOS33 DRIVE=8 SLEW=FAST NONE=TRUE
C: ConstraintEditor-2002: [C:/Users/86132/Desktop/Template_Final_Terris/device_map/Top.pcf(line number: 13)] | Port g_out[0] has been placed at location M21, whose type is share pin.
Executing : def_port {g_out[0]} LOC=M21 VCCIO=3.3 IOSTANDARD=LVCMOS33 DRIVE=8 SLEW=FAST NONE=TRUE successfully
Executing : def_port {g_out[1]} LOC=M17 VCCIO=3.3 IOSTANDARD=LVCMOS33 DRIVE=8 SLEW=FAST NONE=TRUE
Executing : def_port {g_out[1]} LOC=M17 VCCIO=3.3 IOSTANDARD=LVCMOS33 DRIVE=8 SLEW=FAST NONE=TRUE successfully
Executing : def_port {g_out[2]} LOC=M18 VCCIO=3.3 IOSTANDARD=LVCMOS33 DRIVE=8 SLEW=FAST NONE=TRUE
Executing : def_port {g_out[2]} LOC=M18 VCCIO=3.3 IOSTANDARD=LVCMOS33 DRIVE=8 SLEW=FAST NONE=TRUE successfully
Executing : def_port {g_out[3]} LOC=M16 VCCIO=3.3 IOSTANDARD=LVCMOS33 DRIVE=8 SLEW=FAST NONE=TRUE
Executing : def_port {g_out[3]} LOC=M16 VCCIO=3.3 IOSTANDARD=LVCMOS33 DRIVE=8 SLEW=FAST NONE=TRUE successfully
Executing : def_port {g_out[4]} LOC=N15 VCCIO=3.3 IOSTANDARD=LVCMOS33 DRIVE=8 SLEW=FAST NONE=TRUE
Executing : def_port {g_out[4]} LOC=N15 VCCIO=3.3 IOSTANDARD=LVCMOS33 DRIVE=8 SLEW=FAST NONE=TRUE successfully
Executing : def_port {g_out[5]} LOC=L19 VCCIO=3.3 IOSTANDARD=LVCMOS33 DRIVE=8 SLEW=FAST NONE=TRUE
C: ConstraintEditor-2002: [C:/Users/86132/Desktop/Template_Final_Terris/device_map/Top.pcf(line number: 18)] | Port g_out[5] has been placed at location L19, whose type is share pin.
Executing : def_port {g_out[5]} LOC=L19 VCCIO=3.3 IOSTANDARD=LVCMOS33 DRIVE=8 SLEW=FAST NONE=TRUE successfully
Executing : def_port {g_out[6]} LOC=K20 VCCIO=3.3 IOSTANDARD=LVCMOS33 DRIVE=8 SLEW=FAST NONE=TRUE
C: ConstraintEditor-2002: [C:/Users/86132/Desktop/Template_Final_Terris/device_map/Top.pcf(line number: 19)] | Port g_out[6] has been placed at location K20, whose type is share pin.
Executing : def_port {g_out[6]} LOC=K20 VCCIO=3.3 IOSTANDARD=LVCMOS33 DRIVE=8 SLEW=FAST NONE=TRUE successfully
Executing : def_port {g_out[7]} LOC=L17 VCCIO=3.3 IOSTANDARD=LVCMOS33 DRIVE=8 SLEW=FAST NONE=TRUE
C: ConstraintEditor-2002: [C:/Users/86132/Desktop/Template_Final_Terris/device_map/Top.pcf(line number: 20)] | Port g_out[7] has been placed at location L17, whose type is share pin.
Executing : def_port {g_out[7]} LOC=L17 VCCIO=3.3 IOSTANDARD=LVCMOS33 DRIVE=8 SLEW=FAST NONE=TRUE successfully
Executing : def_port {hs_out} LOC=Y21 VCCIO=3.3 IOSTANDARD=LVCMOS33 DRIVE=8 SLEW=FAST NONE=TRUE
Executing : def_port {hs_out} LOC=Y21 VCCIO=3.3 IOSTANDARD=LVCMOS33 DRIVE=8 SLEW=FAST NONE=TRUE successfully
Executing : def_port {iic_tx_scl} LOC=P17 VCCIO=3.3 IOSTANDARD=LVCMOS33 DRIVE=8 SLEW=FAST NONE=TRUE
Executing : def_port {iic_tx_scl} LOC=P17 VCCIO=3.3 IOSTANDARD=LVCMOS33 DRIVE=8 SLEW=FAST NONE=TRUE successfully
Executing : def_port {led[0]} LOC=B2 VCCIO=3.3 IOSTANDARD=LVCMOS33 DRIVE=8 SLEW=FAST NONE=TRUE
Executing : def_port {led[0]} LOC=B2 VCCIO=3.3 IOSTANDARD=LVCMOS33 DRIVE=8 SLEW=FAST NONE=TRUE successfully
Executing : def_port {led[1]} LOC=A2 VCCIO=3.3 IOSTANDARD=LVCMOS33 DRIVE=8 SLEW=FAST NONE=TRUE
Executing : def_port {led[1]} LOC=A2 VCCIO=3.3 IOSTANDARD=LVCMOS33 DRIVE=8 SLEW=FAST NONE=TRUE successfully
Executing : def_port {led[2]} LOC=B3 VCCIO=3.3 IOSTANDARD=LVCMOS33 DRIVE=8 SLEW=FAST NONE=TRUE
Executing : def_port {led[2]} LOC=B3 VCCIO=3.3 IOSTANDARD=LVCMOS33 DRIVE=8 SLEW=FAST NONE=TRUE successfully
Executing : def_port {led[3]} LOC=A3 VCCIO=3.3 IOSTANDARD=LVCMOS33 DRIVE=8 SLEW=FAST NONE=TRUE
Executing : def_port {led[3]} LOC=A3 VCCIO=3.3 IOSTANDARD=LVCMOS33 DRIVE=8 SLEW=FAST NONE=TRUE successfully
Executing : def_port {led[4]} LOC=C5 VCCIO=3.3 IOSTANDARD=LVCMOS33 DRIVE=8 SLEW=FAST NONE=TRUE
Executing : def_port {led[4]} LOC=C5 VCCIO=3.3 IOSTANDARD=LVCMOS33 DRIVE=8 SLEW=FAST NONE=TRUE successfully
Executing : def_port {led[5]} LOC=A5 VCCIO=3.3 IOSTANDARD=LVCMOS33 DRIVE=8 SLEW=FAST NONE=TRUE
Executing : def_port {led[5]} LOC=A5 VCCIO=3.3 IOSTANDARD=LVCMOS33 DRIVE=8 SLEW=FAST NONE=TRUE successfully
Executing : def_port {led[6]} LOC=F7 VCCIO=3.3 IOSTANDARD=LVCMOS33 DRIVE=8 SLEW=FAST NONE=TRUE
Executing : def_port {led[6]} LOC=F7 VCCIO=3.3 IOSTANDARD=LVCMOS33 DRIVE=8 SLEW=FAST NONE=TRUE successfully
Executing : def_port {led[7]} LOC=F8 VCCIO=3.3 IOSTANDARD=LVCMOS33 DRIVE=8 SLEW=FAST NONE=TRUE
Executing : def_port {led[7]} LOC=F8 VCCIO=3.3 IOSTANDARD=LVCMOS33 DRIVE=8 SLEW=FAST NONE=TRUE successfully
Executing : def_port {pix_clk} LOC=M22 VCCIO=3.3 IOSTANDARD=LVCMOS33 DRIVE=8 SLEW=FAST NONE=TRUE
C: ConstraintEditor-2002: [C:/Users/86132/Desktop/Template_Final_Terris/device_map/Top.pcf(line number: 31)] | Port pix_clk has been placed at location M22, whose type is share pin.
Executing : def_port {pix_clk} LOC=M22 VCCIO=3.3 IOSTANDARD=LVCMOS33 DRIVE=8 SLEW=FAST NONE=TRUE successfully
Executing : def_port {r_out[0]} LOC=K17 VCCIO=3.3 IOSTANDARD=LVCMOS33 DRIVE=8 SLEW=FAST NONE=TRUE
C: ConstraintEditor-2002: [C:/Users/86132/Desktop/Template_Final_Terris/device_map/Top.pcf(line number: 32)] | Port r_out[0] has been placed at location K17, whose type is share pin.
Executing : def_port {r_out[0]} LOC=K17 VCCIO=3.3 IOSTANDARD=LVCMOS33 DRIVE=8 SLEW=FAST NONE=TRUE successfully
Executing : def_port {r_out[1]} LOC=N19 VCCIO=3.3 IOSTANDARD=LVCMOS33 DRIVE=8 SLEW=FAST NONE=TRUE
Executing : def_port {r_out[1]} LOC=N19 VCCIO=3.3 IOSTANDARD=LVCMOS33 DRIVE=8 SLEW=FAST NONE=TRUE successfully
Executing : def_port {r_out[2]} LOC=J22 VCCIO=3.3 IOSTANDARD=LVCMOS33 DRIVE=8 SLEW=FAST NONE=TRUE
Executing : def_port {r_out[2]} LOC=J22 VCCIO=3.3 IOSTANDARD=LVCMOS33 DRIVE=8 SLEW=FAST NONE=TRUE successfully
Executing : def_port {r_out[3]} LOC=J20 VCCIO=3.3 IOSTANDARD=LVCMOS33 DRIVE=8 SLEW=FAST NONE=TRUE
Executing : def_port {r_out[3]} LOC=J20 VCCIO=3.3 IOSTANDARD=LVCMOS33 DRIVE=8 SLEW=FAST NONE=TRUE successfully
Executing : def_port {r_out[4]} LOC=K22 VCCIO=3.3 IOSTANDARD=LVCMOS33 DRIVE=8 SLEW=FAST NONE=TRUE
Executing : def_port {r_out[4]} LOC=K22 VCCIO=3.3 IOSTANDARD=LVCMOS33 DRIVE=8 SLEW=FAST NONE=TRUE successfully
Executing : def_port {r_out[5]} LOC=H21 VCCIO=3.3 IOSTANDARD=LVCMOS33 DRIVE=8 SLEW=FAST NONE=TRUE
C: ConstraintEditor-2002: [C:/Users/86132/Desktop/Template_Final_Terris/device_map/Top.pcf(line number: 37)] | Port r_out[5] has been placed at location H21, whose type is share pin.
Executing : def_port {r_out[5]} LOC=H21 VCCIO=3.3 IOSTANDARD=LVCMOS33 DRIVE=8 SLEW=FAST NONE=TRUE successfully
Executing : def_port {r_out[6]} LOC=H22 VCCIO=3.3 IOSTANDARD=LVCMOS33 DRIVE=8 SLEW=FAST NONE=TRUE
C: ConstraintEditor-2002: [C:/Users/86132/Desktop/Template_Final_Terris/device_map/Top.pcf(line number: 38)] | Port r_out[6] has been placed at location H22, whose type is share pin.
Executing : def_port {r_out[6]} LOC=H22 VCCIO=3.3 IOSTANDARD=LVCMOS33 DRIVE=8 SLEW=FAST NONE=TRUE successfully
Executing : def_port {r_out[7]} LOC=H19 VCCIO=3.3 IOSTANDARD=LVCMOS33 DRIVE=8 SLEW=FAST NONE=TRUE
C: ConstraintEditor-2002: [C:/Users/86132/Desktop/Template_Final_Terris/device_map/Top.pcf(line number: 39)] | Port r_out[7] has been placed at location H19, whose type is share pin.
Executing : def_port {r_out[7]} LOC=H19 VCCIO=3.3 IOSTANDARD=LVCMOS33 DRIVE=8 SLEW=FAST NONE=TRUE successfully
Executing : def_port {rstn_out} LOC=R17 VCCIO=3.3 IOSTANDARD=LVCMOS33 DRIVE=8 SLEW=FAST NONE=TRUE
Executing : def_port {rstn_out} LOC=R17 VCCIO=3.3 IOSTANDARD=LVCMOS33 DRIVE=8 SLEW=FAST NONE=TRUE successfully
Executing : def_port {seg_data[0]} LOC=T8 VCCIO=3.3 IOSTANDARD=LVCMOS33 DRIVE=8 SLEW=FAST NONE=TRUE
Executing : def_port {seg_data[0]} LOC=T8 VCCIO=3.3 IOSTANDARD=LVCMOS33 DRIVE=8 SLEW=FAST NONE=TRUE successfully
Executing : def_port {seg_data[1]} LOC=V7 VCCIO=3.3 IOSTANDARD=LVCMOS33 DRIVE=8 SLEW=FAST NONE=TRUE
Executing : def_port {seg_data[1]} LOC=V7 VCCIO=3.3 IOSTANDARD=LVCMOS33 DRIVE=8 SLEW=FAST NONE=TRUE successfully
Executing : def_port {seg_data[2]} LOC=AB5 VCCIO=3.3 IOSTANDARD=LVCMOS33 DRIVE=8 SLEW=FAST NONE=TRUE
C: ConstraintEditor-2002: [C:/Users/86132/Desktop/Template_Final_Terris/device_map/Top.pcf(line number: 43)] | Port seg_data[2] has been placed at location AB5, whose type is share pin.
Executing : def_port {seg_data[2]} LOC=AB5 VCCIO=3.3 IOSTANDARD=LVCMOS33 DRIVE=8 SLEW=FAST NONE=TRUE successfully
Executing : def_port {seg_data[3]} LOC=Y6 VCCIO=3.3 IOSTANDARD=LVCMOS33 DRIVE=8 SLEW=FAST NONE=TRUE
Executing : def_port {seg_data[3]} LOC=Y6 VCCIO=3.3 IOSTANDARD=LVCMOS33 DRIVE=8 SLEW=FAST NONE=TRUE successfully
Executing : def_port {seg_data[4]} LOC=AB8 VCCIO=3.3 IOSTANDARD=LVCMOS33 DRIVE=8 SLEW=FAST NONE=TRUE
Executing : def_port {seg_data[4]} LOC=AB8 VCCIO=3.3 IOSTANDARD=LVCMOS33 DRIVE=8 SLEW=FAST NONE=TRUE successfully
Executing : def_port {seg_data[5]} LOC=U9 VCCIO=3.3 IOSTANDARD=LVCMOS33 DRIVE=8 SLEW=FAST NONE=TRUE
Executing : def_port {seg_data[5]} LOC=U9 VCCIO=3.3 IOSTANDARD=LVCMOS33 DRIVE=8 SLEW=FAST NONE=TRUE successfully
Executing : def_port {seg_data[6]} LOC=AA8 VCCIO=3.3 IOSTANDARD=LVCMOS33 DRIVE=8 SLEW=FAST NONE=TRUE
Executing : def_port {seg_data[6]} LOC=AA8 VCCIO=3.3 IOSTANDARD=LVCMOS33 DRIVE=8 SLEW=FAST NONE=TRUE successfully
Executing : def_port {seg_data[7]} LOC=AB4 VCCIO=3.3 IOSTANDARD=LVCMOS33 DRIVE=8 SLEW=FAST NONE=TRUE
Executing : def_port {seg_data[7]} LOC=AB4 VCCIO=3.3 IOSTANDARD=LVCMOS33 DRIVE=8 SLEW=FAST NONE=TRUE successfully
Executing : def_port {seg_sel[0]} LOC=V9 VCCIO=3.3 IOSTANDARD=LVCMOS33 DRIVE=8 SLEW=FAST NONE=TRUE
Executing : def_port {seg_sel[0]} LOC=V9 VCCIO=3.3 IOSTANDARD=LVCMOS33 DRIVE=8 SLEW=FAST NONE=TRUE successfully
Executing : def_port {seg_sel[1]} LOC=U8 VCCIO=3.3 IOSTANDARD=LVCMOS33 DRIVE=8 SLEW=FAST NONE=TRUE
Executing : def_port {seg_sel[1]} LOC=U8 VCCIO=3.3 IOSTANDARD=LVCMOS33 DRIVE=8 SLEW=FAST NONE=TRUE successfully
Executing : def_port {seg_sel[2]} LOC=W8 VCCIO=3.3 IOSTANDARD=LVCMOS33 DRIVE=8 SLEW=FAST NONE=TRUE
Executing : def_port {seg_sel[2]} LOC=W8 VCCIO=3.3 IOSTANDARD=LVCMOS33 DRIVE=8 SLEW=FAST NONE=TRUE successfully
Executing : def_port {seg_sel[3]} LOC=W6 VCCIO=3.3 IOSTANDARD=LVCMOS33 DRIVE=8 SLEW=FAST NONE=TRUE
Executing : def_port {seg_sel[3]} LOC=W6 VCCIO=3.3 IOSTANDARD=LVCMOS33 DRIVE=8 SLEW=FAST NONE=TRUE successfully
Executing : def_port {seg_sel[4]} LOC=Y5 VCCIO=3.3 IOSTANDARD=LVCMOS33 DRIVE=8 SLEW=FAST NONE=TRUE
C: ConstraintEditor-2002: [C:/Users/86132/Desktop/Template_Final_Terris/device_map/Top.pcf(line number: 53)] | Port seg_sel[4] has been placed at location Y5, whose type is share pin.
Executing : def_port {seg_sel[4]} LOC=Y5 VCCIO=3.3 IOSTANDARD=LVCMOS33 DRIVE=8 SLEW=FAST NONE=TRUE successfully
Executing : def_port {seg_sel[5]} LOC=AA4 VCCIO=3.3 IOSTANDARD=LVCMOS33 DRIVE=8 SLEW=FAST NONE=TRUE
Executing : def_port {seg_sel[5]} LOC=AA4 VCCIO=3.3 IOSTANDARD=LVCMOS33 DRIVE=8 SLEW=FAST NONE=TRUE successfully
Executing : def_port {uart_tx} LOC=R9 VCCIO=3.3 IOSTANDARD=LVCMOS33 DRIVE=8 SLEW=FAST NONE=TRUE
Executing : def_port {uart_tx} LOC=R9 VCCIO=3.3 IOSTANDARD=LVCMOS33 DRIVE=8 SLEW=FAST NONE=TRUE successfully
Executing : def_port {vs_out} LOC=W20 VCCIO=3.3 IOSTANDARD=LVCMOS33 DRIVE=8 SLEW=FAST NONE=TRUE
Executing : def_port {vs_out} LOC=W20 VCCIO=3.3 IOSTANDARD=LVCMOS33 DRIVE=8 SLEW=FAST NONE=TRUE successfully
Executing : def_port {clk} LOC=P20 VCCIO=3.3 IOSTANDARD=LVCMOS33 NONE=TRUE
Executing : def_port {clk} LOC=P20 VCCIO=3.3 IOSTANDARD=LVCMOS33 NONE=TRUE successfully
Executing : def_port {keys[0]} LOC=K18 VCCIO=3.3 IOSTANDARD=LVCMOS33 NONE=TRUE
C: ConstraintEditor-2002: [C:/Users/86132/Desktop/Template_Final_Terris/device_map/Top.pcf(line number: 58)] | Port keys[0] has been placed at location K18, whose type is share pin.
Executing : def_port {keys[0]} LOC=K18 VCCIO=3.3 IOSTANDARD=LVCMOS33 NONE=TRUE successfully
Executing : def_port {keys[1]} LOC=L15 VCCIO=3.3 IOSTANDARD=LVCMOS33 NONE=TRUE
Executing : def_port {keys[1]} LOC=L15 VCCIO=3.3 IOSTANDARD=LVCMOS33 NONE=TRUE successfully
Executing : def_port {keys[2]} LOC=J17 VCCIO=3.3 IOSTANDARD=LVCMOS33 NONE=TRUE
Executing : def_port {keys[2]} LOC=J17 VCCIO=3.3 IOSTANDARD=LVCMOS33 NONE=TRUE successfully
Executing : def_port {keys[3]} LOC=K16 VCCIO=3.3 IOSTANDARD=LVCMOS33 NONE=TRUE
Executing : def_port {keys[3]} LOC=K16 VCCIO=3.3 IOSTANDARD=LVCMOS33 NONE=TRUE successfully
Executing : def_port {keys[4]} LOC=J16 VCCIO=3.3 IOSTANDARD=LVCMOS33 NONE=TRUE
Executing : def_port {keys[4]} LOC=J16 VCCIO=3.3 IOSTANDARD=LVCMOS33 NONE=TRUE successfully
Executing : def_port {keys[5]} LOC=J19 VCCIO=3.3 IOSTANDARD=LVCMOS33 NONE=TRUE
C: ConstraintEditor-2002: [C:/Users/86132/Desktop/Template_Final_Terris/device_map/Top.pcf(line number: 63)] | Port keys[5] has been placed at location J19, whose type is share pin.
Executing : def_port {keys[5]} LOC=J19 VCCIO=3.3 IOSTANDARD=LVCMOS33 NONE=TRUE successfully
Executing : def_port {keys[6]} LOC=H20 VCCIO=3.3 IOSTANDARD=LVCMOS33 NONE=TRUE
C: ConstraintEditor-2002: [C:/Users/86132/Desktop/Template_Final_Terris/device_map/Top.pcf(line number: 64)] | Port keys[6] has been placed at location H20, whose type is share pin.
Executing : def_port {keys[6]} LOC=H20 VCCIO=3.3 IOSTANDARD=LVCMOS33 NONE=TRUE successfully
Executing : def_port {keys[7]} LOC=H17 VCCIO=3.3 IOSTANDARD=LVCMOS33 NONE=TRUE
Executing : def_port {keys[7]} LOC=H17 VCCIO=3.3 IOSTANDARD=LVCMOS33 NONE=TRUE successfully
Constraint check end.
I: Column Clock Check open.
Read Column Clock Map.

Placement started.
Phase 1 Pre global placement started.
Mapping instance u_pll/u_pll_e3/goppll to PLL_158_55.
Phase 1.1 1st GP placement started.
Design Utilization : 15%.
Wirelength after clock region global placement is 44363.
1st GP placement takes 0.77 sec.

Phase 1.2 Clock placement started.
Mapping instance clkbufg_0/gopclkbufg to USCM_84_108.
Mapping instance clkbufg_1/gopclkbufg to USCM_84_109.
Mapping instance clkbufg_2/gopclkbufg to USCM_84_110.
Clock placement takes 0.00 sec.

Pre global placement takes 1.06 sec.

Phase 2 Global placement started.
Phase 2.1 Fixed placement started.
Placed fixed group with base inst b_out_obuf[0]/opit_1 on IOL_327_150.
Placed fixed group with base inst b_out_obuf[1]/opit_1 on IOL_327_149.
Placed fixed group with base inst b_out_obuf[2]/opit_1 on IOL_327_166.
Placed fixed group with base inst b_out_obuf[3]/opit_1 on IOL_327_165.
Placed fixed group with base inst b_out_obuf[4]/opit_1 on IOL_327_170.
Placed fixed group with base inst b_out_obuf[5]/opit_1 on IOL_327_169.
Placed fixed group with base inst b_out_obuf[6]/opit_1 on IOL_327_137.
Placed fixed group with base inst b_out_obuf[7]/opit_1 on IOL_327_138.
Placed fixed group with base inst clk_ibuf/opit_1 on IOL_327_210.
Placed fixed group with base inst de_out_obuf/opit_1 on IOL_327_141.
Placed fixed group with base inst g_out_obuf[0]/opit_1 on IOL_327_202.
Placed fixed group with base inst g_out_obuf[1]/opit_1 on IOL_327_110.
Placed fixed group with base inst g_out_obuf[2]/opit_1 on IOL_327_109.
Placed fixed group with base inst g_out_obuf[3]/opit_1 on IOL_327_122.
Placed fixed group with base inst g_out_obuf[4]/opit_1 on IOL_327_121.
Placed fixed group with base inst g_out_obuf[5]/opit_1 on IOL_327_233.
Placed fixed group with base inst g_out_obuf[6]/opit_1 on IOL_327_234.
Placed fixed group with base inst g_out_obuf[7]/opit_1 on IOL_327_241.
Placed fixed group with base inst hs_out_obuf/opit_1 on IOL_327_142.
Placed fixed group with base inst iic_tx_scl_obuf/opit_1 on IOL_327_46.
Placed fixed group with base inst keys_ibuf[0]/opit_1 on IOL_327_257.
Placed fixed group with base inst keys_ibuf[1]/opit_1 on IOL_327_134.
Placed fixed group with base inst keys_ibuf[2]/opit_1 on IOL_327_297.
Placed fixed group with base inst keys_ibuf[3]/opit_1 on IOL_327_133.
Placed fixed group with base inst keys_ibuf[4]/opit_1 on IOL_327_298.
Placed fixed group with base inst keys_ibuf[5]/opit_1 on IOL_327_262.
Placed fixed group with base inst keys_ibuf[6]/opit_1 on IOL_327_261.
Placed fixed group with base inst keys_ibuf[7]/opit_1 on IOL_327_365.
Placed fixed group with base inst led_obuf[0]/opit_1 on IOL_19_374.
Placed fixed group with base inst led_obuf[1]/opit_1 on IOL_19_373.
Placed fixed group with base inst led_obuf[2]/opit_1 on IOL_35_374.
Placed fixed group with base inst led_obuf[3]/opit_1 on IOL_35_373.
Placed fixed group with base inst led_obuf[4]/opit_1 on IOL_67_374.
Placed fixed group with base inst led_obuf[5]/opit_1 on IOL_67_373.
Placed fixed group with base inst led_obuf[6]/opit_1 on IOL_47_374.
Placed fixed group with base inst led_obuf[7]/opit_1 on IOL_47_373.
Placed fixed group with base inst pix_clk_obuf/opit_1 on IOL_327_201.
Placed fixed group with base inst r_out_obuf[0]/opit_1 on IOL_327_242.
Placed fixed group with base inst r_out_obuf[1]/opit_1 on IOL_327_209.
Placed fixed group with base inst r_out_obuf[2]/opit_1 on IOL_327_229.
Placed fixed group with base inst r_out_obuf[3]/opit_1 on IOL_327_230.
Placed fixed group with base inst r_out_obuf[4]/opit_1 on IOL_327_213.
Placed fixed group with base inst r_out_obuf[5]/opit_1 on IOL_327_238.
Placed fixed group with base inst r_out_obuf[6]/opit_1 on IOL_327_237.
Placed fixed group with base inst r_out_obuf[7]/opit_1 on IOL_327_273.
Placed fixed group with base inst rstn_out_obuf/opit_1 on IOL_327_42.
Placed fixed group with base inst seg_data_obuf[0]/opit_1 on IOL_63_6.
Placed fixed group with base inst seg_data_obuf[1]/opit_1 on IOL_47_6.
Placed fixed group with base inst seg_data_obuf[2]/opit_1 on IOL_35_5.
Placed fixed group with base inst seg_data_obuf[3]/opit_1 on IOL_39_5.
Placed fixed group with base inst seg_data_obuf[4]/opit_1 on IOL_119_5.
Placed fixed group with base inst seg_data_obuf[5]/opit_1 on IOL_95_6.
Placed fixed group with base inst seg_data_obuf[6]/opit_1 on IOL_119_6.
Placed fixed group with base inst seg_data_obuf[7]/opit_1 on IOL_23_5.
Placed fixed group with base inst seg_sel_obuf[0]/opit_1 on IOL_95_5.
Placed fixed group with base inst seg_sel_obuf[1]/opit_1 on IOL_63_5.
Placed fixed group with base inst seg_sel_obuf[2]/opit_1 on IOL_47_5.
Placed fixed group with base inst seg_sel_obuf[3]/opit_1 on IOL_39_6.
Placed fixed group with base inst seg_sel_obuf[4]/opit_1 on IOL_35_6.
Placed fixed group with base inst seg_sel_obuf[5]/opit_1 on IOL_23_6.
Placed fixed group with base inst u_hdmi.ms72xx_ctl.iic_tx_sda_tri/opit_1 on IOL_327_45.
Placed fixed group with base inst uart_tx_obuf/opit_1 on IOL_43_6.
Placed fixed group with base inst vs_out_obuf/opit_1 on IOL_327_146.
Placed fixed instance clkbufg_0/gopclkbufg on USCM_84_108.
Placed fixed instance clkbufg_1/gopclkbufg on USCM_84_109.
Placed fixed instance clkbufg_2/gopclkbufg on USCM_84_110.
Placed fixed instance u_pll/u_pll_e3/goppll on PLL_158_55.
Placed fixed instance BKCL_auto_0 on BKCL_188_376.
Placed fixed instance BKCL_auto_1 on BKCL_328_184.
Placed fixed instance BKCL_auto_2 on BKCL_192_0.
Fixed placement takes 0.00 sec.

Phase 2.2 Process placement started.
Process placement takes 0.00 sec.

Phase 2.3 IO placement started.
IO placement takes 0.00 sec.

Phase 2.4 2nd GP placement started.
Run super clustering :
	Initial slack -6958.
	3 iterations finished.
	Final slack -5678.
Super clustering done.
Design Utilization : 15%.
2nd GP placement takes 0.94 sec.

Wirelength after global placement is 48609.
Global placement takes 0.94 sec.

Phase 3 Post global placement started.
Phase 3.1 Macro cell placement started.
Wirelength after macro cell placement is 48737.
Macro cell placement takes 0.00 sec.

Phase 3.2 3rd GP placement started.
Run super clustering :
	Initial slack -6958.
	3 iterations finished.
	Final slack -5678.
Super clustering done.
Design Utilization : 15%.
3rd GP placement takes 1.00 sec.

Wirelength after post global placement is 50239.
Post global placement takes 1.00 sec.

Phase 4 Legalization started.
The average distance in LP is 1.212902.
Wirelength after legalization is 55704.
Legalization takes 0.22 sec.

Phase 5 Timing-driven detailed placement started.
Phase 5.1 Replication placement started.
Worst slack before Replication Place is -3201.
Replication placement takes 0.05 sec.

Wirelength after replication placement is 55704.
Phase 5.2 DP placement started.
Legalized cost -3201.000000.
The detailed placement ends at 11th iteration.
DP placement takes 1.64 sec.

Wirelength after detailed placement is 57489.
Timing-driven detailed placement takes 1.69 sec.

Worst slack is -4020, TNS after placement is -229928.
Placement done.
Total placement takes 6.02 sec.
Finished placement. (CPU time elapsed 0h:00m:06s)

Routing started.
Building routing graph takes 0.89 sec.
Worst slack is -4020, TNS before global route is -229928.
Processing design graph takes 0.31 sec.
Total memory for routing:
	120.009809 M.
Total nets for routing : 5827.
Rcf routing step 1 processed 0 nets, it takes 0.00 sec.
Rcf routing step 2 processed 0 nets, it takes 0.00 sec.
Rcf routing step 3 processed 0 nets, it takes 0.00 sec.
Unrouted nets 2 at the end of iteration 0.
Unrouted nets 2 at the end of iteration 1.
Unrouted nets 2 at the end of iteration 2.
Unrouted nets 2 at the end of iteration 3.
Unrouted nets 2 at the end of iteration 4.
Unrouted nets 2 at the end of iteration 5.
Unrouted nets 2 at the end of iteration 6.
Unrouted nets 2 at the end of iteration 7.
Unrouted nets 2 at the end of iteration 8.
Unrouted nets 2 at the end of iteration 9.
Unrouted nets 2 at the end of iteration 10.
Unrouted nets 2 at the end of iteration 11.
Unrouted nets 2 at the end of iteration 12.
Unrouted nets 2 at the end of iteration 13.
Unrouted nets 2 at the end of iteration 14.
Unrouted nets 2 at the end of iteration 15.
Unrouted nets 2 at the end of iteration 16.
Unrouted nets 2 at the end of iteration 17.
Unrouted nets 2 at the end of iteration 18.
Unrouted nets 2 at the end of iteration 19.
Unrouted nets 2 at the end of iteration 20.
Unrouted nets 2 at the end of iteration 21.
Unrouted nets 2 at the end of iteration 22.
Unrouted nets 2 at the end of iteration 23.
Unrouted nets 2 at the end of iteration 24.
Unrouted nets 2 at the end of iteration 25.
Unrouted nets 2 at the end of iteration 26.
Unrouted nets 2 at the end of iteration 27.
Unrouted nets 2 at the end of iteration 28.
Unrouted nets 2 at the end of iteration 29.
Unrouted nets 2 at the end of iteration 30.
Unrouted nets 2 at the end of iteration 31.
Unrouted nets 2 at the end of iteration 32.
Unrouted nets 2 at the end of iteration 33.
Unrouted nets 2 at the end of iteration 34.
Unrouted nets 2 at the end of iteration 35.
Unrouted nets 2 at the end of iteration 36.
Unrouted nets 2 at the end of iteration 37.
Unrouted nets 2 at the end of iteration 38.
Unrouted nets 2 at the end of iteration 39.
Unrouted nets 2 at the end of iteration 40.
Unrouted nets 2 at the end of iteration 41.
Unrouted nets 2 at the end of iteration 42.
Unrouted nets 2 at the end of iteration 43.
Unrouted nets 2 at the end of iteration 44.
Unrouted nets 2 at the end of iteration 45.
Unrouted nets 2 at the end of iteration 46.
Unrouted nets 2 at the end of iteration 47.
Unrouted nets 2 at the end of iteration 48.
Unrouted nets 2 at the end of iteration 49.
Global Routing step 1 processed 34 nets, it takes 0.02 sec.
Unrouted nets 180 at the end of iteration 0.
Unrouted nets 108 at the end of iteration 1.
Unrouted nets 78 at the end of iteration 2.
Unrouted nets 49 at the end of iteration 3.
Unrouted nets 28 at the end of iteration 4.
Unrouted nets 16 at the end of iteration 5.
Unrouted nets 11 at the end of iteration 6.
Unrouted nets 4 at the end of iteration 7.
Unrouted nets 2 at the end of iteration 8.
Unrouted nets 0 at the end of iteration 9.
Global Routing step 2 processed 378 nets, it takes 0.11 sec.
Unrouted nets 82 at the end of iteration 0.
Unrouted nets 52 at the end of iteration 1.
Unrouted nets 37 at the end of iteration 2.
Unrouted nets 31 at the end of iteration 3.
Unrouted nets 23 at the end of iteration 4.
Unrouted nets 19 at the end of iteration 5.
Unrouted nets 15 at the end of iteration 6.
Unrouted nets 17 at the end of iteration 7.
Unrouted nets 9 at the end of iteration 8.
Unrouted nets 8 at the end of iteration 9.
Unrouted nets 7 at the end of iteration 10.
Unrouted nets 7 at the end of iteration 11.
Unrouted nets 5 at the end of iteration 12.
Unrouted nets 5 at the end of iteration 13.
Unrouted nets 6 at the end of iteration 14.
Unrouted nets 8 at the end of iteration 15.
Unrouted nets 2 at the end of iteration 16.
Unrouted nets 2 at the end of iteration 17.
Unrouted nets 1 at the end of iteration 18.
Unrouted nets 1 at the end of iteration 19.
Unrouted nets 1 at the end of iteration 20.
Unrouted nets 0 at the end of iteration 21.
Global Routing step 3 processed 174 nets, it takes 1.41 sec.
Global routing takes 1.55 sec.
Total 7678 subnets.
    forward max bucket size 2157 , backward 107.
        Unrouted nets 5961 at the end of iteration 0.
    route iteration 0, CPU time elapsed 0.781250 sec.
    forward max bucket size 2157 , backward 180.
        Unrouted nets 5027 at the end of iteration 1.
    route iteration 1, CPU time elapsed 0.750000 sec.
    forward max bucket size 1543 , backward 336.
        Unrouted nets 4389 at the end of iteration 2.
    route iteration 2, CPU time elapsed 0.859375 sec.
    forward max bucket size 355 , backward 235.
        Unrouted nets 3897 at the end of iteration 3.
    route iteration 3, CPU time elapsed 0.734375 sec.
    forward max bucket size 297 , backward 312.
        Unrouted nets 3489 at the end of iteration 4.
    route iteration 4, CPU time elapsed 0.765625 sec.
    forward max bucket size 314 , backward 369.
        Unrouted nets 3584 at the end of iteration 5.
    route iteration 5, CPU time elapsed 0.843750 sec.
    forward max bucket size 278 , backward 226.
        Unrouted nets 3317 at the end of iteration 6.
    route iteration 6, CPU time elapsed 0.687500 sec.
    forward max bucket size 294 , backward 182.
        Unrouted nets 3050 at the end of iteration 7.
    route iteration 7, CPU time elapsed 0.593750 sec.
    forward max bucket size 213 , backward 400.
        Unrouted nets 2676 at the end of iteration 8.
    route iteration 8, CPU time elapsed 0.609375 sec.
    forward max bucket size 141 , backward 188.
        Unrouted nets 2353 at the end of iteration 9.
    route iteration 9, CPU time elapsed 0.515625 sec.
    forward max bucket size 129 , backward 129.
        Unrouted nets 2084 at the end of iteration 10.
    route iteration 10, CPU time elapsed 0.359375 sec.
    forward max bucket size 248 , backward 115.
        Unrouted nets 1791 at the end of iteration 11.
    route iteration 11, CPU time elapsed 0.328125 sec.
    forward max bucket size 155 , backward 241.
        Unrouted nets 1540 at the end of iteration 12.
    route iteration 12, CPU time elapsed 0.375000 sec.
    forward max bucket size 168 , backward 84.
        Unrouted nets 1323 at the end of iteration 13.
    route iteration 13, CPU time elapsed 0.328125 sec.
    forward max bucket size 204 , backward 268.
        Unrouted nets 1195 at the end of iteration 14.
    route iteration 14, CPU time elapsed 0.312500 sec.
    forward max bucket size 195 , backward 153.
        Unrouted nets 1058 at the end of iteration 15.
    route iteration 15, CPU time elapsed 0.250000 sec.
    forward max bucket size 114 , backward 97.
        Unrouted nets 895 at the end of iteration 16.
    route iteration 16, CPU time elapsed 0.250000 sec.
    forward max bucket size 109 , backward 85.
        Unrouted nets 727 at the end of iteration 17.
    route iteration 17, CPU time elapsed 0.156250 sec.
    forward max bucket size 126 , backward 111.
        Unrouted nets 596 at the end of iteration 18.
    route iteration 18, CPU time elapsed 0.140625 sec.
    forward max bucket size 144 , backward 103.
        Unrouted nets 573 at the end of iteration 19.
    route iteration 19, CPU time elapsed 0.109375 sec.
    forward max bucket size 155 , backward 109.
        Unrouted nets 487 at the end of iteration 20.
    route iteration 20, CPU time elapsed 0.125000 sec.
    forward max bucket size 63 , backward 120.
        Unrouted nets 432 at the end of iteration 21.
    route iteration 21, CPU time elapsed 0.093750 sec.
    forward max bucket size 72 , backward 82.
        Unrouted nets 380 at the end of iteration 22.
    route iteration 22, CPU time elapsed 0.078125 sec.
    forward max bucket size 71 , backward 180.
        Unrouted nets 293 at the end of iteration 23.
    route iteration 23, CPU time elapsed 0.046875 sec.
    forward max bucket size 54 , backward 75.
        Unrouted nets 247 at the end of iteration 24.
    route iteration 24, CPU time elapsed 0.046875 sec.
    forward max bucket size 59 , backward 94.
        Unrouted nets 208 at the end of iteration 25.
    route iteration 25, CPU time elapsed 0.078125 sec.
    forward max bucket size 81 , backward 92.
        Unrouted nets 190 at the end of iteration 26.
    route iteration 26, CPU time elapsed 0.062500 sec.
    forward max bucket size 163 , backward 47.
        Unrouted nets 170 at the end of iteration 27.
    route iteration 27, CPU time elapsed 0.046875 sec.
    forward max bucket size 79 , backward 95.
        Unrouted nets 145 at the end of iteration 28.
    route iteration 28, CPU time elapsed 0.062500 sec.
    forward max bucket size 48 , backward 61.
        Unrouted nets 136 at the end of iteration 29.
    route iteration 29, CPU time elapsed 0.046875 sec.
    forward max bucket size 88 , backward 72.
        Unrouted nets 117 at the end of iteration 30.
    route iteration 30, CPU time elapsed 0.062500 sec.
    forward max bucket size 45 , backward 44.
        Unrouted nets 85 at the end of iteration 31.
    route iteration 31, CPU time elapsed 0.015625 sec.
    forward max bucket size 41 , backward 36.
        Unrouted nets 61 at the end of iteration 32.
    route iteration 32, CPU time elapsed 0.015625 sec.
    forward max bucket size 38 , backward 33.
        Unrouted nets 61 at the end of iteration 33.
    route iteration 33, CPU time elapsed 0.046875 sec.
    forward max bucket size 46 , backward 47.
        Unrouted nets 62 at the end of iteration 34.
    route iteration 34, CPU time elapsed 0.015625 sec.
    forward max bucket size 41 , backward 41.
        Unrouted nets 66 at the end of iteration 35.
    route iteration 35, CPU time elapsed 0.031250 sec.
    forward max bucket size 52 , backward 44.
        Unrouted nets 56 at the end of iteration 36.
    route iteration 36, CPU time elapsed 0.031250 sec.
    forward max bucket size 56 , backward 36.
        Unrouted nets 31 at the end of iteration 37.
    route iteration 37, CPU time elapsed 0.015625 sec.
    forward max bucket size 42 , backward 61.
        Unrouted nets 39 at the end of iteration 38.
    route iteration 38, CPU time elapsed 0.046875 sec.
    forward max bucket size 73 , backward 76.
        Unrouted nets 38 at the end of iteration 39.
    route iteration 39, CPU time elapsed 0.031250 sec.
    forward max bucket size 34 , backward 52.
        Unrouted nets 41 at the end of iteration 40.
    route iteration 40, CPU time elapsed 0.015625 sec.
    forward max bucket size 92 , backward 76.
        Unrouted nets 34 at the end of iteration 41.
    route iteration 41, CPU time elapsed 0.015625 sec.
    forward max bucket size 106 , backward 103.
        Unrouted nets 37 at the end of iteration 42.
    route iteration 42, CPU time elapsed 0.031250 sec.
    forward max bucket size 40 , backward 36.
        Unrouted nets 29 at the end of iteration 43.
    route iteration 43, CPU time elapsed 0.031250 sec.
    forward max bucket size 38 , backward 43.
        Unrouted nets 37 at the end of iteration 44.
    route iteration 44, CPU time elapsed 0.031250 sec.
    forward max bucket size 36 , backward 56.
        Unrouted nets 31 at the end of iteration 45.
    route iteration 45, CPU time elapsed 0.015625 sec.
    forward max bucket size 28 , backward 40.
        Unrouted nets 20 at the end of iteration 46.
    route iteration 46, CPU time elapsed 0.031250 sec.
    forward max bucket size 28 , backward 29.
        Unrouted nets 14 at the end of iteration 47.
    route iteration 47, CPU time elapsed 0.031250 sec.
    forward max bucket size 29 , backward 30.
        Unrouted nets 20 at the end of iteration 48.
    route iteration 48, CPU time elapsed 0.015625 sec.
    forward max bucket size 33 , backward 40.
        Unrouted nets 14 at the end of iteration 49.
    route iteration 49, CPU time elapsed 0.031250 sec.
    forward max bucket size 35 , backward 31.
        Unrouted nets 10 at the end of iteration 50.
    route iteration 50, CPU time elapsed 0.015625 sec.
    forward max bucket size 38 , backward 44.
        Unrouted nets 10 at the end of iteration 51.
    route iteration 51, CPU time elapsed 0.031250 sec.
    forward max bucket size 53 , backward 64.
        Unrouted nets 8 at the end of iteration 52.
    route iteration 52, CPU time elapsed 0.031250 sec.
    forward max bucket size 17 , backward 19.
        Unrouted nets 9 at the end of iteration 53.
    route iteration 53, CPU time elapsed 0.015625 sec.
    forward max bucket size 16 , backward 16.
        Unrouted nets 9 at the end of iteration 54.
    route iteration 54, CPU time elapsed 0.031250 sec.
    forward max bucket size 26 , backward 20.
        Unrouted nets 11 at the end of iteration 55.
    route iteration 55, CPU time elapsed 0.031250 sec.
    forward max bucket size 30 , backward 31.
        Unrouted nets 10 at the end of iteration 56.
    route iteration 56, CPU time elapsed 0.031250 sec.
    forward max bucket size 29 , backward 31.
        Unrouted nets 12 at the end of iteration 57.
    route iteration 57, CPU time elapsed 0.046875 sec.
    forward max bucket size 41 , backward 39.
        Unrouted nets 14 at the end of iteration 58.
    route iteration 58, CPU time elapsed 0.015625 sec.
    forward max bucket size 37 , backward 33.
        Unrouted nets 15 at the end of iteration 59.
    route iteration 59, CPU time elapsed 0.015625 sec.
    forward max bucket size 48 , backward 38.
        Unrouted nets 20 at the end of iteration 60.
    route iteration 60, CPU time elapsed 0.031250 sec.
    forward max bucket size 35 , backward 30.
        Unrouted nets 23 at the end of iteration 61.
    route iteration 61, CPU time elapsed 0.031250 sec.
    forward max bucket size 49 , backward 100.
        Unrouted nets 10 at the end of iteration 62.
    route iteration 62, CPU time elapsed 0.015625 sec.
    forward max bucket size 39 , backward 101.
        Unrouted nets 14 at the end of iteration 63.
    route iteration 63, CPU time elapsed 0.031250 sec.
    forward max bucket size 35 , backward 31.
        Unrouted nets 10 at the end of iteration 64.
    route iteration 64, CPU time elapsed 0.015625 sec.
    forward max bucket size 45 , backward 39.
        Unrouted nets 6 at the end of iteration 65.
    route iteration 65, CPU time elapsed 0.031250 sec.
    forward max bucket size 10 , backward 9.
        Unrouted nets 4 at the end of iteration 66.
    route iteration 66, CPU time elapsed 0.015625 sec.
    forward max bucket size 13 , backward 5.
        Unrouted nets 4 at the end of iteration 67.
    route iteration 67, CPU time elapsed 0.015625 sec.
    forward max bucket size 13 , backward 6.
        Unrouted nets 4 at the end of iteration 68.
    route iteration 68, CPU time elapsed 0.015625 sec.
    forward max bucket size 10 , backward 6.
        Unrouted nets 4 at the end of iteration 69.
    route iteration 69, CPU time elapsed 0.000000 sec.
    forward max bucket size 13 , backward 5.
        Unrouted nets 4 at the end of iteration 70.
    route iteration 70, CPU time elapsed 0.000000 sec.
    forward max bucket size 13 , backward 6.
        Unrouted nets 4 at the end of iteration 71.
    route iteration 71, CPU time elapsed 0.000000 sec.
    forward max bucket size 10 , backward 5.
        Unrouted nets 4 at the end of iteration 72.
    route iteration 72, CPU time elapsed 0.000000 sec.
    forward max bucket size 12 , backward 5.
        Unrouted nets 4 at the end of iteration 73.
    route iteration 73, CPU time elapsed 0.000000 sec.
    forward max bucket size 13 , backward 7.
        Unrouted nets 4 at the end of iteration 74.
    route iteration 74, CPU time elapsed 0.000000 sec.
    forward max bucket size 13 , backward 6.
        Unrouted nets 4 at the end of iteration 75.
    route iteration 75, CPU time elapsed 0.000000 sec.
    forward max bucket size 12 , backward 5.
        Unrouted nets 4 at the end of iteration 76.
    route iteration 76, CPU time elapsed 0.000000 sec.
    forward max bucket size 13 , backward 5.
        Unrouted nets 4 at the end of iteration 77.
    route iteration 77, CPU time elapsed 0.000000 sec.
    forward max bucket size 13 , backward 5.
        Unrouted nets 4 at the end of iteration 78.
    route iteration 78, CPU time elapsed 0.000000 sec.
    forward max bucket size 13 , backward 6.
        Unrouted nets 4 at the end of iteration 79.
    route iteration 79, CPU time elapsed 0.000000 sec.
    forward max bucket size 11 , backward 5.
        Unrouted nets 4 at the end of iteration 80.
    route iteration 80, CPU time elapsed 0.000000 sec.
    forward max bucket size 13 , backward 6.
        Unrouted nets 4 at the end of iteration 81.
    route iteration 81, CPU time elapsed 0.000000 sec.
    forward max bucket size 13 , backward 6.
        Unrouted nets 4 at the end of iteration 82.
    route iteration 82, CPU time elapsed 0.000000 sec.
    forward max bucket size 12 , backward 5.
        Unrouted nets 4 at the end of iteration 83.
    route iteration 83, CPU time elapsed 0.000000 sec.
    forward max bucket size 13 , backward 6.
        Unrouted nets 4 at the end of iteration 84.
    route iteration 84, CPU time elapsed 0.000000 sec.
    forward max bucket size 13 , backward 6.
        Unrouted nets 4 at the end of iteration 85.
    route iteration 85, CPU time elapsed 0.015625 sec.
    forward max bucket size 12 , backward 6.
        Unrouted nets 4 at the end of iteration 86.
    route iteration 86, CPU time elapsed 0.000000 sec.
    forward max bucket size 13 , backward 5.
        Unrouted nets 4 at the end of iteration 87.
    route iteration 87, CPU time elapsed 0.000000 sec.
    forward max bucket size 13 , backward 5.
        Unrouted nets 4 at the end of iteration 88.
    route iteration 88, CPU time elapsed 0.000000 sec.
    forward max bucket size 12 , backward 5.
        Unrouted nets 4 at the end of iteration 89.
    route iteration 89, CPU time elapsed 0.000000 sec.
    forward max bucket size 13 , backward 5.
        Unrouted nets 4 at the end of iteration 90.
    route iteration 90, CPU time elapsed 0.000000 sec.
    forward max bucket size 13 , backward 6.
        Unrouted nets 4 at the end of iteration 91.
    route iteration 91, CPU time elapsed 0.031250 sec.
    forward max bucket size 11 , backward 5.
        Unrouted nets 4 at the end of iteration 92.
    route iteration 92, CPU time elapsed 0.015625 sec.
    forward max bucket size 13 , backward 6.
        Unrouted nets 4 at the end of iteration 93.
    route iteration 93, CPU time elapsed 0.015625 sec.
    forward max bucket size 13 , backward 7.
        Unrouted nets 4 at the end of iteration 94.
    route iteration 94, CPU time elapsed 0.031250 sec.
    forward max bucket size 11 , backward 4.
        Unrouted nets 4 at the end of iteration 95.
    route iteration 95, CPU time elapsed 0.015625 sec.
    forward max bucket size 13 , backward 6.
        Unrouted nets 4 at the end of iteration 96.
    route iteration 96, CPU time elapsed 0.000000 sec.
    forward max bucket size 13 , backward 4.
        Unrouted nets 4 at the end of iteration 97.
    route iteration 97, CPU time elapsed 0.015625 sec.
    forward max bucket size 13 , backward 4.
        Unrouted nets 4 at the end of iteration 98.
    route iteration 98, CPU time elapsed 0.000000 sec.
    forward max bucket size 13 , backward 6.
        Unrouted nets 4 at the end of iteration 99.
    route iteration 99, CPU time elapsed 0.000000 sec.
    forward max bucket size 12 , backward 7.
        Unrouted nets 4 at the end of iteration 100.
    route iteration 100, CPU time elapsed 0.000000 sec.
    forward max bucket size 12 , backward 4.
        Unrouted nets 4 at the end of iteration 101.
    route iteration 101, CPU time elapsed 0.000000 sec.
    forward max bucket size 13 , backward 6.
        Unrouted nets 4 at the end of iteration 102.
    route iteration 102, CPU time elapsed 0.000000 sec.
    forward max bucket size 13 , backward 6.
        Unrouted nets 4 at the end of iteration 103.
    route iteration 103, CPU time elapsed 0.015625 sec.
    forward max bucket size 12 , backward 7.
        Unrouted nets 4 at the end of iteration 104.
    route iteration 104, CPU time elapsed 0.000000 sec.
    forward max bucket size 13 , backward 6.
        Unrouted nets 4 at the end of iteration 105.
    route iteration 105, CPU time elapsed 0.000000 sec.
    forward max bucket size 13 , backward 8.
        Unrouted nets 4 at the end of iteration 106.
    route iteration 106, CPU time elapsed 0.015625 sec.
    forward max bucket size 12 , backward 6.
        Unrouted nets 4 at the end of iteration 107.
    route iteration 107, CPU time elapsed 0.000000 sec.
    forward max bucket size 13 , backward 6.
        Unrouted nets 4 at the end of iteration 108.
    route iteration 108, CPU time elapsed 0.015625 sec.
    forward max bucket size 13 , backward 7.
        Unrouted nets 4 at the end of iteration 109.
    route iteration 109, CPU time elapsed 0.000000 sec.
    forward max bucket size 10 , backward 6.
        Unrouted nets 4 at the end of iteration 110.
    route iteration 110, CPU time elapsed 0.000000 sec.
    forward max bucket size 13 , backward 4.
        Unrouted nets 4 at the end of iteration 111.
    route iteration 111, CPU time elapsed 0.000000 sec.
    forward max bucket size 13 , backward 6.
        Unrouted nets 4 at the end of iteration 112.
    route iteration 112, CPU time elapsed 0.000000 sec.
    forward max bucket size 10 , backward 6.
        Unrouted nets 4 at the end of iteration 113.
    route iteration 113, CPU time elapsed 0.000000 sec.
    forward max bucket size 13 , backward 5.
        Unrouted nets 4 at the end of iteration 114.
    route iteration 114, CPU time elapsed 0.015625 sec.
    forward max bucket size 13 , backward 7.
        Unrouted nets 4 at the end of iteration 115.
    route iteration 115, CPU time elapsed 0.000000 sec.
    forward max bucket size 10 , backward 6.
        Unrouted nets 4 at the end of iteration 116.
    route iteration 116, CPU time elapsed 0.000000 sec.
    forward max bucket size 13 , backward 5.
        Unrouted nets 4 at the end of iteration 117.
    route iteration 117, CPU time elapsed 0.015625 sec.
    forward max bucket size 13 , backward 7.
        Unrouted nets 4 at the end of iteration 118.
    route iteration 118, CPU time elapsed 0.015625 sec.
    forward max bucket size 10 , backward 5.
        Unrouted nets 4 at the end of iteration 119.
    route iteration 119, CPU time elapsed 0.000000 sec.
    forward max bucket size 13 , backward 4.
        Unrouted nets 4 at the end of iteration 120.
    route iteration 120, CPU time elapsed 0.000000 sec.
    forward max bucket size 13 , backward 7.
        Unrouted nets 4 at the end of iteration 121.
    route iteration 121, CPU time elapsed 0.000000 sec.
    forward max bucket size 10 , backward 5.
        Unrouted nets 4 at the end of iteration 122.
    route iteration 122, CPU time elapsed 0.000000 sec.
    forward max bucket size 13 , backward 5.
        Unrouted nets 4 at the end of iteration 123.
    route iteration 123, CPU time elapsed 0.015625 sec.
    forward max bucket size 13 , backward 7.
        Unrouted nets 4 at the end of iteration 124.
    route iteration 124, CPU time elapsed 0.015625 sec.
    forward max bucket size 10 , backward 6.
        Unrouted nets 4 at the end of iteration 125.
    route iteration 125, CPU time elapsed 0.015625 sec.
    forward max bucket size 13 , backward 6.
        Unrouted nets 4 at the end of iteration 126.
    route iteration 126, CPU time elapsed 0.000000 sec.
    forward max bucket size 13 , backward 6.
        Unrouted nets 4 at the end of iteration 127.
    route iteration 127, CPU time elapsed 0.000000 sec.
    forward max bucket size 12 , backward 4.
        Unrouted nets 4 at the end of iteration 128.
    route iteration 128, CPU time elapsed 0.015625 sec.
    forward max bucket size 13 , backward 5.
        Unrouted nets 4 at the end of iteration 129.
    route iteration 129, CPU time elapsed 0.000000 sec.
    forward max bucket size 13 , backward 6.
        Unrouted nets 4 at the end of iteration 130.
    route iteration 130, CPU time elapsed 0.000000 sec.
    forward max bucket size 12 , backward 5.
        Unrouted nets 4 at the end of iteration 131.
    route iteration 131, CPU time elapsed 0.000000 sec.
    forward max bucket size 13 , backward 6.
        Unrouted nets 4 at the end of iteration 132.
    route iteration 132, CPU time elapsed 0.000000 sec.
    forward max bucket size 13 , backward 5.
        Unrouted nets 4 at the end of iteration 133.
    route iteration 133, CPU time elapsed 0.000000 sec.
    forward max bucket size 13 , backward 6.
        Unrouted nets 4 at the end of iteration 134.
    route iteration 134, CPU time elapsed 0.000000 sec.
    forward max bucket size 10 , backward 5.
        Unrouted nets 4 at the end of iteration 135.
    route iteration 135, CPU time elapsed 0.000000 sec.
    forward max bucket size 13 , backward 5.
        Unrouted nets 4 at the end of iteration 136.
    route iteration 136, CPU time elapsed 0.000000 sec.
    forward max bucket size 13 , backward 6.
        Unrouted nets 4 at the end of iteration 137.
    route iteration 137, CPU time elapsed 0.000000 sec.
    forward max bucket size 10 , backward 6.
        Unrouted nets 4 at the end of iteration 138.
    route iteration 138, CPU time elapsed 0.000000 sec.
    forward max bucket size 13 , backward 5.
        Unrouted nets 4 at the end of iteration 139.
    route iteration 139, CPU time elapsed 0.000000 sec.
    forward max bucket size 13 , backward 4.
        Unrouted nets 4 at the end of iteration 140.
    route iteration 140, CPU time elapsed 0.000000 sec.
    forward max bucket size 13 , backward 6.
        Unrouted nets 4 at the end of iteration 141.
    route iteration 141, CPU time elapsed 0.000000 sec.
    forward max bucket size 12 , backward 5.
        Unrouted nets 4 at the end of iteration 142.
    route iteration 142, CPU time elapsed 0.015625 sec.
    forward max bucket size 11 , backward 5.
        Unrouted nets 4 at the end of iteration 143.
    route iteration 143, CPU time elapsed 0.015625 sec.
    forward max bucket size 13 , backward 6.
        Unrouted nets 4 at the end of iteration 144.
    route iteration 144, CPU time elapsed 0.000000 sec.
    forward max bucket size 13 , backward 5.
        Unrouted nets 4 at the end of iteration 145.
    route iteration 145, CPU time elapsed 0.015625 sec.
    forward max bucket size 13 , backward 6.
        Unrouted nets 4 at the end of iteration 146.
    route iteration 146, CPU time elapsed 0.015625 sec.
Detailed routing takes 146 iterations
    Unrouted nets 3 at the end of fading iteration 11.
    Unrouted nets 3 at the end of fading iteration 10.
    Unrouted nets 9 at the end of fading iteration 9.
    Unrouted nets 16 at the end of fading iteration 8.
    Unrouted nets 19 at the end of fading iteration 7.
    Unrouted nets 20 at the end of fading iteration 6.
    Unrouted nets 12 at the end of fading iteration 5.
    Unrouted nets 24 at the end of fading iteration 4.
    Unrouted nets 3 at the end of fading iteration 3.
    Unrouted nets 3 at the end of fading iteration 2.
    Unrouted nets 3 at the end of fading iteration 1.
Fading routing takes 11 iterations.
    Unrouted nets 8 at the end of congested iteration 201.

    Unrouted nets 6 at the end of congested iteration 200.

    Unrouted nets 11 at the end of congested iteration 199.

    Unrouted nets 15 at the end of congested iteration 198.

    Unrouted nets 21 at the end of congested iteration 197.

    Unrouted nets 17 at the end of congested iteration 196.

    Unrouted nets 12 at the end of congested iteration 195.

    Unrouted nets 11 at the end of congested iteration 194.

    Unrouted nets 4 at the end of congested iteration 193.

    Unrouted nets 0 at the end of congested iteration 192.

Congestion routing takes 10 iterations.
Detailed routing takes 12.89 sec.
Start fix hold violation.
Build tmp routing results takes 0.05 sec.
Timing analysis takes 0.20 sec.
No hold violation.
Hold Violation Fix in router takes 0 iterations.
Fix hold violation Finished.
Hold Violation Fix in router takes 0.27 sec.

Dispose routing result:
    Collect routing result.
    Delete unused device instances.
    Annotate routing result.
    Change LUT configuration.
    Dispose misc instances.
    Annotate routing result again.
Finish routing takes 0.11 sec.
Used SRB routing arc is 111024.
Cleanup routing takes 0.00 sec.
Routing done.
Total routing takes 16.31 sec.


Device Utilization Summary :
+---------------------------------------------------------------------------+
| Logic Utilization        | Used     | Available     | Utilization(%)     
+---------------------------------------------------------------------------+
| Use of APM               | 0        | 84            | 0                  
| Use of BKCL              | 3        | 4             | 75                 
| Use of CLMA              | 1072     | 6450          | 17                 
|   FF                     | 1247     | 38700         | 4                  
|   LUT                    | 3710     | 25800         | 15                 
|   LUT-FF pairs           | 1114     | 25800         | 5                  
| Use of CLMS              | 660      | 4250          | 16                 
|   FF                     | 796      | 25500         | 4                  
|   LUT                    | 2326     | 17000         | 14                 
|   LUT-FF pairs           | 695      | 17000         | 5                  
|   Distributed RAM        | 0        | 17000         | 0                  
| Use of CRYSTAL           | 0        | 2             | 0                  
| Use of DLL               | 0        | 10            | 0                  
| Use of DQSL              | 0        | 18            | 0                  
| Use of DRM               | 0.5      | 134           | 1                  
| Use of FUSECODE          | 0        | 1             | 0                  
| Use of HARD0N1           | 80       | 6672          | 2                  
| Use of HSST              | 0        | 1             | 0                  
| Use of IO                | 63       | 296           | 22                 
|   IOBD                   | 12       | 64            | 19                 
|   IOBR_LR                | 1        | 7             | 15                 
|   IOBR_TB                | 1        | 8             | 13                 
|   IOBS_LR                | 39       | 161           | 25                 
|   IOBS_TB                | 10       | 56            | 18                 
| Use of IOCKDIV           | 0        | 20            | 0                  
| Use of IOCKDLY           | 0        | 40            | 0                  
| Use of IOCKGATE          | 0        | 20            | 0                  
| Use of IOCKGMUX_TEST     | 0        | 20            | 0                  
| Use of IOL               | 63       | 400           | 16                 
| Use of IPAL              | 0        | 1             | 0                  
| Use of LDO               | 0        | 4             | 0                  
| Use of MFG_TEST          | 0        | 1             | 0                  
| Use of OSC               | 0        | 1             | 0                  
| Use of PCIE              | 0        | 1             | 0                  
| Use of PIOMUX_TEST       | 0        | 10            | 0                  
| Use of PLL               | 1        | 5             | 20                 
| Use of PREGMUX_TEST      | 0        | 6             | 0                  
| Use of RCKB              | 0        | 24            | 0                  
| Use of RCKBMUX_TEST      | 0        | 12            | 0                  
| Use of RESCAL            | 0        | 4             | 0                  
| Use of SCANCHAIN         | 0        | 2             | 0                  
| Use of START             | 1        | 1             | 100                
| Use of UDID              | 0        | 1             | 0                  
| Use of USCM              | 4        | 30            | 14                 
| Use of USCMMUX_TEST      | 0        | 30            | 0                  
| Use of VCKBMUX_TEST      | 0        | 12            | 0                  
+---------------------------------------------------------------------------+

Finished routing. (CPU time elapsed 0h:00m:16s)
Design 'Top' has been placed and routed successfully.
Saving design to DB.
Finished placement and routing. (CPU time elapsed 0h:00m:24s)
Action pnr: Real time elapsed is 0h:1m:6s
Action pnr: CPU time elapsed is 0h:0m:25s
Action pnr: Process CPU time elapsed is 0h:0m:25s
Current time: Thu Jan  4 23:15:34 2024
Action pnr: Peak memory pool usage is 944 MB
