[Info] [2024-1-5 10:20:52] /***************************Start jtagserver***************************/
[Info] [2024-1-5 10:20:52] Path: C:/pango/PDS_2022.1/bin
[Info] [2024-1-5 10:20:52] Version: 99559
[Debug] [2024-1-5 10:20:53] Add a new user_thread, socket descriptor is 1088 user_thread id is 0000000000000FAC
[Debug] [2024-1-5 10:20:53] After adding, map size is : 1
[Debug] [2024-1-5 10:20:53] Add a new user_thread, socket descriptor is 1244 user_thread id is 0000000000000FAC
[Debug] [2024-1-5 10:20:53] After adding, map size is : 2
[Debug] [2024-1-5 10:20:53] IP address of connecting client is : ::ffff:127.0.0.1
[Debug] [2024-1-5 10:20:53] IP address of connecting client is : ::ffff:127.0.0.1IP address of connecting client is : ::ffff:127.0.0.1
[Debug] [2024-1-5 10:20:53] Remove the header data from the client, index : 0
[Debug] [2024-1-5 10:20:53] _total_bytes_size : 146
[Debug] [2024-1-5 10:20:53] Remove the header data from the client, index : 0
[Debug] [2024-1-5 10:20:53] _total_bytes_size : 96
[Debug] [2024-1-5 10:20:53] cmd id :40011cmd name : get_cable_paras
[Debug] [2024-1-5 10:20:53] cmd operation get_cable_paras releases locker
[Debug] [2024-1-5 10:20:53] Remove the header data from the client, index : 0
[Debug] [2024-1-5 10:20:53] _total_bytes_size : 101
[Debug] [2024-1-5 10:20:53] cmd id :20001cmd name : Open config cable
[Debug] [2024-1-5 10:20:54] the idcode from the scanning is: 0x10521899
[Debug] [2024-1-5 10:20:54] the idcode from the scanning is: 0x0
[Debug] [2024-1-5 10:20:54] the idcode from the scanning is: 0x0
[Debug] [2024-1-5 10:20:54] the idcode from the scanning is: 0x0
[Debug] [2024-1-5 10:20:54] the idcode from the scanning is: 0x0
[Debug] [2024-1-5 10:20:54] cmd operation Open config cable releases locker
[Debug] [2024-1-5 10:21:04] Remove the header data from the client, index : 0
[Debug] [2024-1-5 10:21:04] _total_bytes_size : 256
[Debug] [2024-1-5 10:21:04] cmd id :4e22cmd name : Program
[Debug] [2024-1-5 10:21:05] the idcode from the scanning is: 0x10521899
[Debug] [2024-1-5 10:21:05] the idcode from the scanning is: 0x0
[Debug] [2024-1-5 10:21:05] the idcode from the scanning is: 0x0
[Debug] [2024-1-5 10:21:05] the idcode from the scanning is: 0x0
[Debug] [2024-1-5 10:21:05] the idcode from the scanning is: 0x0
[Debug] [2024-1-5 10:21:05] begin to read back config registerregAddr is 4
[Debug] [2024-1-5 10:21:05] progress bar is 6
[Debug] [2024-1-5 10:21:05] progress bar is 10
[Debug] [2024-1-5 10:21:05] progress bar is 15
[Debug] [2024-1-5 10:21:05] progress bar is 20
[Debug] [2024-1-5 10:21:05] progress bar is 25
[Debug] [2024-1-5 10:21:05] progress bar is 30
[Debug] [2024-1-5 10:21:05] progress bar is 35
[Debug] [2024-1-5 10:21:05] progress bar is 40
[Debug] [2024-1-5 10:21:05] progress bar is 45
[Debug] [2024-1-5 10:21:05] progress bar is 50
[Debug] [2024-1-5 10:21:06] progress bar is 55
[Debug] [2024-1-5 10:21:06] progress bar is 60
[Debug] [2024-1-5 10:21:06] progress bar is 65
[Debug] [2024-1-5 10:21:06] progress bar is 70
[Debug] [2024-1-5 10:21:06] progress bar is 75
[Debug] [2024-1-5 10:21:06] progress bar is 80
[Debug] [2024-1-5 10:21:06] progress bar is 85
[Debug] [2024-1-5 10:21:06] progress bar is 90
[Debug] [2024-1-5 10:21:06] progress bar is 95
[Debug] [2024-1-5 10:21:06] progress bar is 100
[Debug] [2024-1-5 10:21:06] the value in the status register is :2096288
[Debug] [2024-1-5 10:21:06] cmd operation Program releases locker
